       0       95.287849       14.305681
       1       -9.349996        0.285219
       2      -10.790896        0.060148
       3      -11.049608        0.044606
       4      -11.208124        0.038360
       5      -11.328406        0.034929
       6      -11.758118        0.138162
       7      -12.273318        0.041705
       8      -12.405841        0.032810
       9      -12.490953        0.027593
      10      -12.552104        0.023853
      11      -12.598042        0.020786
      12      -12.632888        0.018018
      13      -12.658896        0.015359
      14      -12.677599        0.012788
      15      -12.690423        0.010393
      16      -12.698812        0.008273
      17      -12.704090        0.006488
      18      -12.707322        0.005037
      19      -12.709264        0.003887
      20      -12.710418        0.002988
      21      -12.711099        0.002291
      22      -12.711500        0.001753
      23      -12.711734        0.001340
      24      -12.711871        0.001024
      25      -12.711951        0.000782
      26      -12.711997        0.000597
      27      -12.712024        0.000456
      28      -12.712040        0.000348
      29      -12.712049        0.000265
      30      -12.712055        0.000203
      31      -12.712058        0.000155
      32      -12.712060        0.000118
      33      -12.712061        0.000090
      34      -12.712061        0.000069
      35      -12.712062        0.000053
      36      -12.712062        0.000040
